Determining if the pthread_create exist failed with the following output:
Change Dir: /home/zy/Projects/RGBD_SLAM/code/build/CMakeFiles/CMakeTmp

Run Build Command:"/usr/bin/make" "cmTC_79b5d/fast"
/usr/bin/make -f CMakeFiles/cmTC_79b5d.dir/build.make CMakeFiles/cmTC_79b5d.dir/build
make[1]: Entering directory '/home/zy/Projects/RGBD_SLAM/code/build/CMakeFiles/CMakeTmp'
Building C object CMakeFiles/cmTC_79b5d.dir/CheckSymbolExists.c.o
/usr/bin/cc     -o CMakeFiles/cmTC_79b5d.dir/CheckSymbolExists.c.o   -c /home/zy/Projects/RGBD_SLAM/code/build/CMakeFiles/CMakeTmp/CheckSymbolExists.c
Linking C executable cmTC_79b5d
/usr/bin/cmake -E cmake_link_script CMakeFiles/cmTC_79b5d.dir/link.txt --verbose=1
/usr/bin/cc       CMakeFiles/cmTC_79b5d.dir/CheckSymbolExists.c.o  -o cmTC_79b5d -rdynamic 
CMakeFiles/cmTC_79b5d.dir/CheckSymbolExists.c.o: In function `main':
CheckSymbolExists.c:(.text+0x16): undefined reference to `pthread_create'
collect2: error: ld returned 1 exit status
CMakeFiles/cmTC_79b5d.dir/build.make:97: recipe for target 'cmTC_79b5d' failed
make[1]: *** [cmTC_79b5d] Error 1
make[1]: Leaving directory '/home/zy/Projects/RGBD_SLAM/code/build/CMakeFiles/CMakeTmp'
Makefile:126: recipe for target 'cmTC_79b5d/fast' failed
make: *** [cmTC_79b5d/fast] Error 2

File /home/zy/Projects/RGBD_SLAM/code/build/CMakeFiles/CMakeTmp/CheckSymbolExists.c:
/* */
#include <pthread.h>

int main(int argc, char** argv)
{
  (void)argv;
#ifndef pthread_create
  return ((int*)(&pthread_create))[argc];
#else
  (void)argc;
  return 0;
#endif
}

Determining if the function pthread_create exists in the pthreads failed with the following output:
Change Dir: /home/zy/Projects/RGBD_SLAM/code/build/CMakeFiles/CMakeTmp

Run Build Command:"/usr/bin/make" "cmTC_14059/fast"
/usr/bin/make -f CMakeFiles/cmTC_14059.dir/build.make CMakeFiles/cmTC_14059.dir/build
make[1]: Entering directory '/home/zy/Projects/RGBD_SLAM/code/build/CMakeFiles/CMakeTmp'
Building C object CMakeFiles/cmTC_14059.dir/CheckFunctionExists.c.o
/usr/bin/cc    -DCHECK_FUNCTION_EXISTS=pthread_create   -o CMakeFiles/cmTC_14059.dir/CheckFunctionExists.c.o   -c /usr/share/cmake-3.5/Modules/CheckFunctionExists.c
Linking C executable cmTC_14059
/usr/bin/cmake -E cmake_link_script CMakeFiles/cmTC_14059.dir/link.txt --verbose=1
/usr/bin/cc   -DCHECK_FUNCTION_EXISTS=pthread_create    CMakeFiles/cmTC_14059.dir/CheckFunctionExists.c.o  -o cmTC_14059 -rdynamic -lpthreads 
/usr/bin/ld: cannot find -lpthreads
collect2: error: ld returned 1 exit status
CMakeFiles/cmTC_14059.dir/build.make:97: recipe for target 'cmTC_14059' failed
make[1]: *** [cmTC_14059] Error 1
make[1]: Leaving directory '/home/zy/Projects/RGBD_SLAM/code/build/CMakeFiles/CMakeTmp'
Makefile:126: recipe for target 'cmTC_14059/fast' failed
make: *** [cmTC_14059/fast] Error 2


